<?xml version="1.0" encoding="UTF-8"?>
<!-- Generated by org.testng.reporters.JUnitReportReporter -->
<testsuite skipped="0" hostname="LAPTOP-T6TI9HNN" name="runner.MyRunner" tests="1" failures="0" timestamp="2022-09-10T18:18:15 IST" time="0.228" errors="0">
  <testcase name="runScenario" time="0.228" classname="runner.MyRunner"/>
  <system-out/>
</testsuite> <!-- runner.MyRunner -->
